30-Oct-2012 3:30:47 PM org.apache.catalina.core.AprLifecycleListener init
INFO: The APR based Apache Tomcat Native library which allows optimal performance in production environments was not found on the java.library.path: /usr/lib/jvm/java-6-sun-1.6.0.26/jre/lib/amd64/server:/usr/lib/jvm/java-6-sun-1.6.0.26/jre/lib/amd64:/usr/lib/jvm/java-6-sun-1.6.0.26/jre/../lib/amd64:/usr/java/packages/lib/amd64:/usr/lib64:/lib64:/lib:/usr/lib
30-Oct-2012 3:30:48 PM org.apache.coyote.http11.Http11Protocol init
INFO: Initializing Coyote HTTP/1.1 on http-8080
30-Oct-2012 3:30:48 PM org.apache.catalina.startup.Catalina load
INFO: Initialization processed in 1295 ms
30-Oct-2012 3:30:48 PM org.apache.catalina.core.StandardService start
INFO: Starting service Catalina
30-Oct-2012 3:30:48 PM org.apache.catalina.core.StandardEngine start
INFO: Starting Servlet Engine: Apache Tomcat/6.0.36
30-Oct-2012 3:30:48 PM org.apache.catalina.startup.HostConfig deployDirectory
INFO: Deploying web application directory docs
30-Oct-2012 3:30:48 PM org.apache.catalina.startup.HostConfig deployDirectory
INFO: Deploying web application directory examples
30-Oct-2012 3:30:48 PM org.apache.catalina.startup.HostConfig deployDirectory
INFO: Deploying web application directory host-manager
30-Oct-2012 3:30:48 PM org.apache.catalina.startup.HostConfig deployDirectory
INFO: Deploying web application directory ROOT
30-Oct-2012 3:30:48 PM org.apache.catalina.startup.HostConfig deployDirectory
INFO: Deploying web application directory manager
30-Oct-2012 3:30:48 PM org.apache.coyote.http11.Http11Protocol start
INFO: Starting Coyote HTTP/1.1 on http-8080
30-Oct-2012 3:30:48 PM org.apache.jk.common.ChannelSocket init
INFO: JK: ajp13 listening on /0.0.0.0:8009
30-Oct-2012 3:30:48 PM org.apache.jk.server.JkMain start
INFO: Jk running ID=0 time=0/24  config=null
30-Oct-2012 3:30:48 PM org.apache.catalina.startup.Catalina start
INFO: Server startup in 664 ms
30-Oct-2012 4:05:06 PM org.apache.coyote.http11.Http11Protocol pause
INFO: Pausing Coyote HTTP/1.1 on http-8080
30-Oct-2012 4:05:07 PM org.apache.catalina.core.StandardService stop
INFO: Stopping service Catalina
30-Oct-2012 4:05:07 PM org.apache.coyote.http11.Http11Protocol destroy
INFO: Stopping Coyote HTTP/1.1 on http-8080
30-Oct-2012 4:08:26 PM org.apache.catalina.core.AprLifecycleListener init
INFO: The APR based Apache Tomcat Native library which allows optimal performance in production environments was not found on the java.library.path: /usr/lib/jvm/java-6-sun-1.6.0.26/jre/lib/amd64/server:/usr/lib/jvm/java-6-sun-1.6.0.26/jre/lib/amd64:/usr/lib/jvm/java-6-sun-1.6.0.26/jre/../lib/amd64:/usr/java/packages/lib/amd64:/usr/lib64:/lib64:/lib:/usr/lib
30-Oct-2012 4:08:26 PM org.apache.coyote.http11.Http11Protocol init
INFO: Initializing Coyote HTTP/1.1 on http-8080
30-Oct-2012 4:08:26 PM org.apache.catalina.startup.Catalina load
INFO: Initialization processed in 397 ms
30-Oct-2012 4:08:26 PM org.apache.catalina.core.StandardService start
INFO: Starting service Catalina
30-Oct-2012 4:08:26 PM org.apache.catalina.core.StandardEngine start
INFO: Starting Servlet Engine: Apache Tomcat/6.0.36
30-Oct-2012 4:08:26 PM org.apache.catalina.startup.HostConfig deployDescriptor
INFO: Deploying configuration descriptor manager.xml
30-Oct-2012 4:08:26 PM org.apache.catalina.startup.HostConfig deployDescriptor
INFO: Deploying configuration descriptor host-manager.xml
30-Oct-2012 4:08:26 PM org.apache.catalina.startup.HostConfig deployDirectory
INFO: Deploying web application directory docs
30-Oct-2012 4:08:26 PM org.apache.catalina.startup.HostConfig deployDirectory
INFO: Deploying web application directory examples
30-Oct-2012 4:08:26 PM org.apache.catalina.startup.HostConfig deployDirectory
INFO: Deploying web application directory ROOT
30-Oct-2012 4:08:26 PM org.apache.coyote.http11.Http11Protocol start
INFO: Starting Coyote HTTP/1.1 on http-8080
30-Oct-2012 4:08:26 PM org.apache.jk.common.ChannelSocket init
INFO: JK: ajp13 listening on /0.0.0.0:8009
30-Oct-2012 4:08:26 PM org.apache.jk.server.JkMain start
INFO: Jk running ID=0 time=0/13  config=null
30-Oct-2012 4:08:26 PM org.apache.catalina.startup.Catalina start
INFO: Server startup in 470 ms
30-Oct-2012 4:08:36 PM org.apache.coyote.http11.Http11Protocol pause
INFO: Pausing Coyote HTTP/1.1 on http-8080
30-Oct-2012 4:08:37 PM org.apache.catalina.core.StandardService stop
INFO: Stopping service Catalina
30-Oct-2012 4:08:37 PM org.apache.coyote.http11.Http11Protocol destroy
INFO: Stopping Coyote HTTP/1.1 on http-8080
30-Oct-2012 4:17:17 PM org.apache.catalina.core.AprLifecycleListener init
INFO: The APR based Apache Tomcat Native library which allows optimal performance in production environments was not found on the java.library.path: /usr/lib/jvm/java-6-sun-1.6.0.26/jre/lib/amd64/server:/usr/lib/jvm/java-6-sun-1.6.0.26/jre/lib/amd64:/usr/lib/jvm/java-6-sun-1.6.0.26/jre/../lib/amd64:/usr/java/packages/lib/amd64:/usr/lib64:/lib64:/lib:/usr/lib
30-Oct-2012 4:17:17 PM org.apache.coyote.http11.Http11Protocol init
INFO: Initializing Coyote HTTP/1.1 on http-8080
30-Oct-2012 4:17:17 PM org.apache.catalina.startup.Catalina load
INFO: Initialization processed in 383 ms
30-Oct-2012 4:17:17 PM org.apache.catalina.core.StandardService start
INFO: Starting service Catalina
30-Oct-2012 4:17:17 PM org.apache.catalina.core.StandardEngine start
INFO: Starting Servlet Engine: Apache Tomcat/6.0.36
30-Oct-2012 4:17:17 PM org.apache.catalina.startup.HostConfig deployDescriptor
INFO: Deploying configuration descriptor manager.xml
30-Oct-2012 4:17:18 PM org.apache.catalina.startup.HostConfig deployDescriptor
INFO: Deploying configuration descriptor host-manager.xml
30-Oct-2012 4:17:18 PM org.apache.catalina.startup.HostConfig deployDirectory
INFO: Deploying web application directory docs
30-Oct-2012 4:17:18 PM org.apache.catalina.startup.HostConfig deployDirectory
INFO: Deploying web application directory examples
30-Oct-2012 4:17:18 PM org.apache.catalina.startup.HostConfig deployDirectory
INFO: Deploying web application directory ROOT
30-Oct-2012 4:17:18 PM org.apache.coyote.http11.Http11Protocol start
INFO: Starting Coyote HTTP/1.1 on http-8080
30-Oct-2012 4:17:18 PM org.apache.jk.common.ChannelSocket init
INFO: JK: ajp13 listening on /0.0.0.0:8009
30-Oct-2012 4:17:18 PM org.apache.jk.server.JkMain start
INFO: Jk running ID=0 time=0/15  config=null
30-Oct-2012 4:17:18 PM org.apache.catalina.startup.Catalina start
INFO: Server startup in 478 ms
30-Oct-2012 4:17:38 PM org.apache.coyote.http11.Http11Protocol pause
INFO: Pausing Coyote HTTP/1.1 on http-8080
30-Oct-2012 4:17:39 PM org.apache.catalina.core.StandardService stop
INFO: Stopping service Catalina
30-Oct-2012 4:17:39 PM org.apache.coyote.http11.Http11Protocol destroy
INFO: Stopping Coyote HTTP/1.1 on http-8080
30-Oct-2012 4:38:12 PM org.apache.catalina.core.AprLifecycleListener init
INFO: The APR based Apache Tomcat Native library which allows optimal performance in production environments was not found on the java.library.path: /usr/lib/jvm/java-6-sun-1.6.0.26/jre/lib/amd64/server:/usr/lib/jvm/java-6-sun-1.6.0.26/jre/lib/amd64:/usr/lib/jvm/java-6-sun-1.6.0.26/jre/../lib/amd64:/usr/java/packages/lib/amd64:/usr/lib64:/lib64:/lib:/usr/lib
30-Oct-2012 4:38:12 PM org.apache.coyote.http11.Http11Protocol init
INFO: Initializing Coyote HTTP/1.1 on http-8080
30-Oct-2012 4:38:12 PM org.apache.catalina.startup.Catalina load
INFO: Initialization processed in 395 ms
30-Oct-2012 4:38:12 PM org.apache.catalina.core.StandardService start
INFO: Starting service Catalina
30-Oct-2012 4:38:12 PM org.apache.catalina.core.StandardEngine start
INFO: Starting Servlet Engine: Apache Tomcat/6.0.36
30-Oct-2012 4:38:12 PM org.apache.catalina.startup.HostConfig deployDescriptor
INFO: Deploying configuration descriptor manager.xml
30-Oct-2012 4:38:12 PM org.apache.catalina.startup.HostConfig deployDescriptor
INFO: Deploying configuration descriptor host-manager.xml
30-Oct-2012 4:38:12 PM org.apache.catalina.startup.HostConfig deployDirectory
INFO: Deploying web application directory docs
30-Oct-2012 4:38:12 PM org.apache.catalina.startup.HostConfig deployDirectory
INFO: Deploying web application directory examples
30-Oct-2012 4:38:12 PM org.apache.catalina.startup.HostConfig deployDirectory
INFO: Deploying web application directory ROOT
30-Oct-2012 4:38:12 PM org.apache.coyote.http11.Http11Protocol start
INFO: Starting Coyote HTTP/1.1 on http-8080
30-Oct-2012 4:38:12 PM org.apache.jk.common.ChannelSocket init
INFO: JK: ajp13 listening on /0.0.0.0:8009
30-Oct-2012 4:38:12 PM org.apache.jk.server.JkMain start
INFO: Jk running ID=0 time=0/14  config=null
30-Oct-2012 4:38:12 PM org.apache.catalina.startup.Catalina start
INFO: Server startup in 513 ms
30-Oct-2012 4:38:14 PM org.apache.coyote.http11.Http11Protocol pause
INFO: Pausing Coyote HTTP/1.1 on http-8080
30-Oct-2012 4:38:15 PM org.apache.catalina.core.StandardService stop
INFO: Stopping service Catalina
30-Oct-2012 4:38:15 PM org.apache.coyote.http11.Http11Protocol destroy
INFO: Stopping Coyote HTTP/1.1 on http-8080
30-Oct-2012 4:38:20 PM org.apache.catalina.core.AprLifecycleListener init
INFO: The APR based Apache Tomcat Native library which allows optimal performance in production environments was not found on the java.library.path: /usr/lib/jvm/java-6-sun-1.6.0.26/jre/lib/amd64/server:/usr/lib/jvm/java-6-sun-1.6.0.26/jre/lib/amd64:/usr/lib/jvm/java-6-sun-1.6.0.26/jre/../lib/amd64:/usr/java/packages/lib/amd64:/usr/lib64:/lib64:/lib:/usr/lib
30-Oct-2012 4:38:20 PM org.apache.coyote.http11.Http11Protocol init
INFO: Initializing Coyote HTTP/1.1 on http-8080
30-Oct-2012 4:38:20 PM org.apache.catalina.startup.Catalina load
INFO: Initialization processed in 448 ms
30-Oct-2012 4:38:20 PM org.apache.catalina.core.StandardService start
INFO: Starting service Catalina
30-Oct-2012 4:38:20 PM org.apache.catalina.core.StandardEngine start
INFO: Starting Servlet Engine: Apache Tomcat/6.0.36
30-Oct-2012 4:38:20 PM org.apache.catalina.startup.HostConfig deployDescriptor
INFO: Deploying configuration descriptor manager.xml
30-Oct-2012 4:38:20 PM org.apache.catalina.startup.HostConfig deployDescriptor
INFO: Deploying configuration descriptor host-manager.xml
30-Oct-2012 4:38:20 PM org.apache.catalina.startup.HostConfig deployDirectory
INFO: Deploying web application directory docs
30-Oct-2012 4:38:20 PM org.apache.catalina.startup.HostConfig deployDirectory
INFO: Deploying web application directory examples
30-Oct-2012 4:38:20 PM org.apache.catalina.startup.HostConfig deployDirectory
INFO: Deploying web application directory ROOT
30-Oct-2012 4:38:20 PM org.apache.coyote.http11.Http11Protocol start
INFO: Starting Coyote HTTP/1.1 on http-8080
30-Oct-2012 4:38:20 PM org.apache.jk.common.ChannelSocket init
INFO: JK: ajp13 listening on /0.0.0.0:8009
30-Oct-2012 4:38:20 PM org.apache.jk.server.JkMain start
INFO: Jk running ID=0 time=0/14  config=null
30-Oct-2012 4:38:20 PM org.apache.catalina.startup.Catalina start
INFO: Server startup in 482 ms
30-Oct-2012 4:38:24 PM org.apache.coyote.http11.Http11Protocol pause
INFO: Pausing Coyote HTTP/1.1 on http-8080
30-Oct-2012 4:38:25 PM org.apache.catalina.core.StandardService stop
INFO: Stopping service Catalina
30-Oct-2012 4:38:25 PM org.apache.coyote.http11.Http11Protocol destroy
INFO: Stopping Coyote HTTP/1.1 on http-8080
30-Oct-2012 5:15:33 PM org.apache.catalina.core.AprLifecycleListener init
INFO: The APR based Apache Tomcat Native library which allows optimal performance in production environments was not found on the java.library.path: /usr/lib/jvm/java-6-sun-1.6.0.26/jre/lib/amd64/server:/usr/lib/jvm/java-6-sun-1.6.0.26/jre/lib/amd64:/usr/lib/jvm/java-6-sun-1.6.0.26/jre/../lib/amd64:/usr/java/packages/lib/amd64:/usr/lib64:/lib64:/lib:/usr/lib
30-Oct-2012 5:15:33 PM org.apache.coyote.http11.Http11Protocol init
INFO: Initializing Coyote HTTP/1.1 on http-8080
30-Oct-2012 5:15:33 PM org.apache.catalina.startup.Catalina load
INFO: Initialization processed in 389 ms
30-Oct-2012 5:15:33 PM org.apache.catalina.core.StandardService start
INFO: Starting service Catalina
30-Oct-2012 5:15:33 PM org.apache.catalina.core.StandardEngine start
INFO: Starting Servlet Engine: Apache Tomcat/6.0.36
30-Oct-2012 5:15:33 PM org.apache.catalina.startup.HostConfig deployDescriptor
INFO: Deploying configuration descriptor manager.xml
30-Oct-2012 5:15:34 PM org.apache.catalina.startup.HostConfig deployDescriptor
INFO: Deploying configuration descriptor host-manager.xml
30-Oct-2012 5:15:34 PM org.apache.catalina.startup.HostConfig deployDirectory
INFO: Deploying web application directory docs
30-Oct-2012 5:15:34 PM org.apache.catalina.startup.HostConfig deployDirectory
INFO: Deploying web application directory examples
30-Oct-2012 5:15:34 PM org.apache.catalina.startup.HostConfig deployDirectory
INFO: Deploying web application directory ROOT
30-Oct-2012 5:15:34 PM org.apache.coyote.http11.Http11Protocol start
INFO: Starting Coyote HTTP/1.1 on http-8080
30-Oct-2012 5:15:34 PM org.apache.jk.common.ChannelSocket init
INFO: JK: ajp13 listening on /0.0.0.0:8009
30-Oct-2012 5:15:34 PM org.apache.jk.server.JkMain start
INFO: Jk running ID=0 time=0/13  config=null
30-Oct-2012 5:15:34 PM org.apache.catalina.startup.Catalina start
INFO: Server startup in 475 ms
30-Oct-2012 5:56:05 PM org.apache.catalina.startup.HostConfig checkResources
INFO: Undeploying context []
30-Oct-2012 5:56:05 PM org.apache.catalina.loader.WebappClassLoader clearReferencesJdbc
WARNING: JDBC driver de-registration failed for web application []
java.lang.NullPointerException
	at org.apache.catalina.loader.WebappClassLoader.clearReferencesJdbc(WebappClassLoader.java:1979)
	at org.apache.catalina.loader.WebappClassLoader.clearReferences(WebappClassLoader.java:1915)
	at org.apache.catalina.loader.WebappClassLoader.stop(WebappClassLoader.java:1833)
	at org.apache.catalina.loader.WebappLoader.stop(WebappLoader.java:740)
	at org.apache.catalina.core.StandardContext.stop(StandardContext.java:4920)
	at org.apache.catalina.core.ContainerBase.removeChild(ContainerBase.java:936)
	at org.apache.catalina.startup.HostConfig.checkResources(HostConfig.java:1212)
	at org.apache.catalina.startup.HostConfig.check(HostConfig.java:1382)
	at org.apache.catalina.startup.HostConfig.lifecycleEvent(HostConfig.java:306)
	at org.apache.catalina.util.LifecycleSupport.fireLifecycleEvent(LifecycleSupport.java:142)
	at org.apache.catalina.core.ContainerBase.backgroundProcess(ContainerBase.java:1389)
	at org.apache.catalina.core.ContainerBase$ContainerBackgroundProcessor.processChildren(ContainerBase.java:1653)
	at org.apache.catalina.core.ContainerBase$ContainerBackgroundProcessor.processChildren(ContainerBase.java:1662)
	at org.apache.catalina.core.ContainerBase$ContainerBackgroundProcessor.run(ContainerBase.java:1642)
	at java.lang.Thread.run(Thread.java:662)
30-Oct-2012 5:56:05 PM org.apache.catalina.startup.HostConfig checkResources
INFO: Undeploying context [/manager]
30-Oct-2012 5:56:05 PM org.apache.catalina.loader.WebappClassLoader clearReferencesJdbc
WARNING: JDBC driver de-registration failed for web application [/manager]
java.lang.NullPointerException
	at org.apache.catalina.loader.WebappClassLoader.clearReferencesJdbc(WebappClassLoader.java:1979)
	at org.apache.catalina.loader.WebappClassLoader.clearReferences(WebappClassLoader.java:1915)
	at org.apache.catalina.loader.WebappClassLoader.stop(WebappClassLoader.java:1833)
	at org.apache.catalina.loader.WebappLoader.stop(WebappLoader.java:740)
	at org.apache.catalina.core.StandardContext.stop(StandardContext.java:4920)
	at org.apache.catalina.core.ContainerBase.removeChild(ContainerBase.java:936)
	at org.apache.catalina.startup.HostConfig.checkResources(HostConfig.java:1212)
	at org.apache.catalina.startup.HostConfig.check(HostConfig.java:1382)
	at org.apache.catalina.startup.HostConfig.lifecycleEvent(HostConfig.java:306)
	at org.apache.catalina.util.LifecycleSupport.fireLifecycleEvent(LifecycleSupport.java:142)
	at org.apache.catalina.core.ContainerBase.backgroundProcess(ContainerBase.java:1389)
	at org.apache.catalina.core.ContainerBase$ContainerBackgroundProcessor.processChildren(ContainerBase.java:1653)
	at org.apache.catalina.core.ContainerBase$ContainerBackgroundProcessor.processChildren(ContainerBase.java:1662)
	at org.apache.catalina.core.ContainerBase$ContainerBackgroundProcessor.run(ContainerBase.java:1642)
	at java.lang.Thread.run(Thread.java:662)
30-Oct-2012 5:56:06 PM org.apache.catalina.startup.HostConfig checkResources
INFO: Undeploying context [/docs]
30-Oct-2012 5:56:06 PM org.apache.catalina.loader.WebappClassLoader clearReferencesJdbc
WARNING: JDBC driver de-registration failed for web application [/docs]
java.lang.NullPointerException
	at org.apache.catalina.loader.WebappClassLoader.clearReferencesJdbc(WebappClassLoader.java:1979)
	at org.apache.catalina.loader.WebappClassLoader.clearReferences(WebappClassLoader.java:1915)
	at org.apache.catalina.loader.WebappClassLoader.stop(WebappClassLoader.java:1833)
	at org.apache.catalina.loader.WebappLoader.stop(WebappLoader.java:740)
	at org.apache.catalina.core.StandardContext.stop(StandardContext.java:4920)
	at org.apache.catalina.core.ContainerBase.removeChild(ContainerBase.java:936)
	at org.apache.catalina.startup.HostConfig.checkResources(HostConfig.java:1212)
	at org.apache.catalina.startup.HostConfig.check(HostConfig.java:1382)
	at org.apache.catalina.startup.HostConfig.lifecycleEvent(HostConfig.java:306)
	at org.apache.catalina.util.LifecycleSupport.fireLifecycleEvent(LifecycleSupport.java:142)
	at org.apache.catalina.core.ContainerBase.backgroundProcess(ContainerBase.java:1389)
	at org.apache.catalina.core.ContainerBase$ContainerBackgroundProcessor.processChildren(ContainerBase.java:1653)
	at org.apache.catalina.core.ContainerBase$ContainerBackgroundProcessor.processChildren(ContainerBase.java:1662)
	at org.apache.catalina.core.ContainerBase$ContainerBackgroundProcessor.run(ContainerBase.java:1642)
	at java.lang.Thread.run(Thread.java:662)
30-Oct-2012 5:56:06 PM org.apache.catalina.startup.HostConfig checkResources
INFO: Undeploying context [/examples]
30-Oct-2012 5:56:06 PM org.apache.catalina.loader.WebappClassLoader clearReferencesJdbc
WARNING: JDBC driver de-registration failed for web application [/examples]
java.lang.NullPointerException
	at org.apache.catalina.loader.WebappClassLoader.clearReferencesJdbc(WebappClassLoader.java:1979)
	at org.apache.catalina.loader.WebappClassLoader.clearReferences(WebappClassLoader.java:1915)
	at org.apache.catalina.loader.WebappClassLoader.stop(WebappClassLoader.java:1833)
	at org.apache.catalina.loader.WebappLoader.stop(WebappLoader.java:740)
	at org.apache.catalina.core.StandardContext.stop(StandardContext.java:4920)
	at org.apache.catalina.core.ContainerBase.removeChild(ContainerBase.java:936)
	at org.apache.catalina.startup.HostConfig.checkResources(HostConfig.java:1212)
	at org.apache.catalina.startup.HostConfig.check(HostConfig.java:1382)
	at org.apache.catalina.startup.HostConfig.lifecycleEvent(HostConfig.java:306)
	at org.apache.catalina.util.LifecycleSupport.fireLifecycleEvent(LifecycleSupport.java:142)
	at org.apache.catalina.core.ContainerBase.backgroundProcess(ContainerBase.java:1389)
	at org.apache.catalina.core.ContainerBase$ContainerBackgroundProcessor.processChildren(ContainerBase.java:1653)
	at org.apache.catalina.core.ContainerBase$ContainerBackgroundProcessor.processChildren(ContainerBase.java:1662)
	at org.apache.catalina.core.ContainerBase$ContainerBackgroundProcessor.run(ContainerBase.java:1642)
	at java.lang.Thread.run(Thread.java:662)
30-Oct-2012 5:56:07 PM org.apache.catalina.startup.HostConfig checkResources
INFO: Undeploying context [/host-manager]
30-Oct-2012 5:56:07 PM org.apache.catalina.loader.WebappClassLoader clearReferencesJdbc
WARNING: JDBC driver de-registration failed for web application [/host-manager]
java.lang.NullPointerException
	at org.apache.catalina.loader.WebappClassLoader.clearReferencesJdbc(WebappClassLoader.java:1979)
	at org.apache.catalina.loader.WebappClassLoader.clearReferences(WebappClassLoader.java:1915)
	at org.apache.catalina.loader.WebappClassLoader.stop(WebappClassLoader.java:1833)
	at org.apache.catalina.loader.WebappLoader.stop(WebappLoader.java:740)
	at org.apache.catalina.core.StandardContext.stop(StandardContext.java:4920)
	at org.apache.catalina.core.ContainerBase.removeChild(ContainerBase.java:936)
	at org.apache.catalina.startup.HostConfig.checkResources(HostConfig.java:1212)
	at org.apache.catalina.startup.HostConfig.check(HostConfig.java:1382)
	at org.apache.catalina.startup.HostConfig.lifecycleEvent(HostConfig.java:306)
	at org.apache.catalina.util.LifecycleSupport.fireLifecycleEvent(LifecycleSupport.java:142)
	at org.apache.catalina.core.ContainerBase.backgroundProcess(ContainerBase.java:1389)
	at org.apache.catalina.core.ContainerBase$ContainerBackgroundProcessor.processChildren(ContainerBase.java:1653)
	at org.apache.catalina.core.ContainerBase$ContainerBackgroundProcessor.processChildren(ContainerBase.java:1662)
	at org.apache.catalina.core.ContainerBase$ContainerBackgroundProcessor.run(ContainerBase.java:1642)
	at java.lang.Thread.run(Thread.java:662)
30-Oct-2012 6:14:31 PM org.apache.catalina.core.AprLifecycleListener init
INFO: The APR based Apache Tomcat Native library which allows optimal performance in production environments was not found on the java.library.path: /usr/lib/jvm/java-6-sun-1.6.0.26/jre/lib/amd64/server:/usr/lib/jvm/java-6-sun-1.6.0.26/jre/lib/amd64:/usr/lib/jvm/java-6-sun-1.6.0.26/jre/../lib/amd64:/usr/java/packages/lib/amd64:/usr/lib64:/lib64:/lib:/usr/lib
30-Oct-2012 6:14:31 PM org.apache.coyote.http11.Http11Protocol init
SEVERE: Error initializing endpoint
java.net.BindException: Address already in use <null>:8080
	at org.apache.tomcat.util.net.JIoEndpoint.init(JIoEndpoint.java:549)
	at org.apache.coyote.http11.Http11Protocol.init(Http11Protocol.java:180)
	at org.apache.catalina.connector.Connector.initialize(Connector.java:1123)
	at org.apache.catalina.core.StandardService.initialize(StandardService.java:703)
	at org.apache.catalina.core.StandardServer.initialize(StandardServer.java:838)
	at org.apache.catalina.startup.Catalina.load(Catalina.java:538)
	at org.apache.catalina.startup.Catalina.load(Catalina.java:562)
	at sun.reflect.NativeMethodAccessorImpl.invoke0(Native Method)
	at sun.reflect.NativeMethodAccessorImpl.invoke(NativeMethodAccessorImpl.java:39)
	at sun.reflect.DelegatingMethodAccessorImpl.invoke(DelegatingMethodAccessorImpl.java:25)
	at java.lang.reflect.Method.invoke(Method.java:597)
	at org.apache.catalina.startup.Bootstrap.load(Bootstrap.java:261)
	at org.apache.catalina.startup.Bootstrap.main(Bootstrap.java:413)
Caused by: java.net.BindException: Address already in use
	at java.net.PlainSocketImpl.socketBind(Native Method)
	at java.net.PlainSocketImpl.bind(PlainSocketImpl.java:383)
	at java.net.ServerSocket.bind(ServerSocket.java:328)
	at java.net.ServerSocket.<init>(ServerSocket.java:194)
	at java.net.ServerSocket.<init>(ServerSocket.java:150)
	at org.apache.tomcat.util.net.DefaultServerSocketFactory.createSocket(DefaultServerSocketFactory.java:50)
	at org.apache.tomcat.util.net.JIoEndpoint.init(JIoEndpoint.java:538)
	... 12 more
30-Oct-2012 6:14:31 PM org.apache.catalina.core.StandardService initialize
SEVERE: Failed to initialize connector [Connector[HTTP/1.1-8080]]
LifecycleException:  Protocol handler initialization failed: java.net.BindException: Address already in use <null>:8080
	at org.apache.catalina.connector.Connector.initialize(Connector.java:1125)
	at org.apache.catalina.core.StandardService.initialize(StandardService.java:703)
	at org.apache.catalina.core.StandardServer.initialize(StandardServer.java:838)
	at org.apache.catalina.startup.Catalina.load(Catalina.java:538)
	at org.apache.catalina.startup.Catalina.load(Catalina.java:562)
	at sun.reflect.NativeMethodAccessorImpl.invoke0(Native Method)
	at sun.reflect.NativeMethodAccessorImpl.invoke(NativeMethodAccessorImpl.java:39)
	at sun.reflect.DelegatingMethodAccessorImpl.invoke(DelegatingMethodAccessorImpl.java:25)
	at java.lang.reflect.Method.invoke(Method.java:597)
	at org.apache.catalina.startup.Bootstrap.load(Bootstrap.java:261)
	at org.apache.catalina.startup.Bootstrap.main(Bootstrap.java:413)
30-Oct-2012 6:14:31 PM org.apache.catalina.startup.Catalina load
INFO: Initialization processed in 415 ms
30-Oct-2012 6:14:32 PM org.apache.catalina.core.StandardService start
INFO: Starting service Catalina
30-Oct-2012 6:14:32 PM org.apache.catalina.core.StandardEngine start
INFO: Starting Servlet Engine: Apache Tomcat/6.0.36
30-Oct-2012 6:14:32 PM org.apache.catalina.startup.HostConfig deployDescriptor
INFO: Deploying configuration descriptor manager.xml
30-Oct-2012 6:14:32 PM org.apache.catalina.startup.HostConfig deployDescriptor
INFO: Deploying configuration descriptor host-manager.xml
30-Oct-2012 6:14:32 PM org.apache.catalina.startup.HostConfig deployDirectory
INFO: Deploying web application directory docs
30-Oct-2012 6:14:32 PM org.apache.catalina.startup.HostConfig deployDirectory
INFO: Deploying web application directory examples
30-Oct-2012 6:14:32 PM org.apache.catalina.startup.HostConfig deployDirectory
INFO: Deploying web application directory ROOT
30-Oct-2012 6:14:32 PM org.apache.coyote.http11.Http11Protocol start
SEVERE: Error starting endpoint
java.net.BindException: Address already in use <null>:8080
	at org.apache.tomcat.util.net.JIoEndpoint.init(JIoEndpoint.java:549)
	at org.apache.tomcat.util.net.JIoEndpoint.start(JIoEndpoint.java:565)
	at org.apache.coyote.http11.Http11Protocol.start(Http11Protocol.java:207)
	at org.apache.catalina.connector.Connector.start(Connector.java:1196)
	at org.apache.catalina.core.StandardService.start(StandardService.java:540)
	at org.apache.catalina.core.StandardServer.start(StandardServer.java:754)
	at org.apache.catalina.startup.Catalina.start(Catalina.java:595)
	at sun.reflect.NativeMethodAccessorImpl.invoke0(Native Method)
	at sun.reflect.NativeMethodAccessorImpl.invoke(NativeMethodAccessorImpl.java:39)
	at sun.reflect.DelegatingMethodAccessorImpl.invoke(DelegatingMethodAccessorImpl.java:25)
	at java.lang.reflect.Method.invoke(Method.java:597)
	at org.apache.catalina.startup.Bootstrap.start(Bootstrap.java:289)
	at org.apache.catalina.startup.Bootstrap.main(Bootstrap.java:414)
Caused by: java.net.BindException: Address already in use
	at java.net.PlainSocketImpl.socketBind(Native Method)
	at java.net.PlainSocketImpl.bind(PlainSocketImpl.java:383)
	at java.net.ServerSocket.bind(ServerSocket.java:328)
	at java.net.ServerSocket.<init>(ServerSocket.java:194)
	at java.net.ServerSocket.<init>(ServerSocket.java:150)
	at org.apache.tomcat.util.net.DefaultServerSocketFactory.createSocket(DefaultServerSocketFactory.java:50)
	at org.apache.tomcat.util.net.JIoEndpoint.init(JIoEndpoint.java:538)
	... 12 more
30-Oct-2012 6:14:32 PM org.apache.catalina.core.StandardService start
SEVERE: Failed to start connector [Connector[HTTP/1.1-8080]]
LifecycleException:  service.getName(): "Catalina";  Protocol handler start failed: java.net.BindException: Address already in use <null>:8080
	at org.apache.catalina.connector.Connector.start(Connector.java:1203)
	at org.apache.catalina.core.StandardService.start(StandardService.java:540)
	at org.apache.catalina.core.StandardServer.start(StandardServer.java:754)
	at org.apache.catalina.startup.Catalina.start(Catalina.java:595)
	at sun.reflect.NativeMethodAccessorImpl.invoke0(Native Method)
	at sun.reflect.NativeMethodAccessorImpl.invoke(NativeMethodAccessorImpl.java:39)
	at sun.reflect.DelegatingMethodAccessorImpl.invoke(DelegatingMethodAccessorImpl.java:25)
	at java.lang.reflect.Method.invoke(Method.java:597)
	at org.apache.catalina.startup.Bootstrap.start(Bootstrap.java:289)
	at org.apache.catalina.startup.Bootstrap.main(Bootstrap.java:414)
30-Oct-2012 6:14:32 PM org.apache.jk.common.ChannelSocket init
INFO: Port busy 8009 java.net.BindException: Address already in use
30-Oct-2012 6:14:32 PM org.apache.jk.common.ChannelSocket init
SEVERE: Can't find free port 8009 8009
30-Oct-2012 6:14:32 PM org.apache.jk.server.JkMain start
INFO: Jk running ID=0 time=0/9  config=null
30-Oct-2012 6:14:32 PM org.apache.catalina.startup.Catalina start
INFO: Server startup in 476 ms
30-Oct-2012 6:14:32 PM org.apache.catalina.core.StandardServer await
SEVERE: StandardServer.await: create[8005]: 
java.net.BindException: Address already in use
	at java.net.PlainSocketImpl.socketBind(Native Method)
	at java.net.PlainSocketImpl.bind(PlainSocketImpl.java:383)
	at java.net.ServerSocket.bind(ServerSocket.java:328)
	at java.net.ServerSocket.<init>(ServerSocket.java:194)
	at org.apache.catalina.core.StandardServer.await(StandardServer.java:406)
	at org.apache.catalina.startup.Catalina.await(Catalina.java:676)
	at org.apache.catalina.startup.Catalina.start(Catalina.java:628)
	at sun.reflect.NativeMethodAccessorImpl.invoke0(Native Method)
	at sun.reflect.NativeMethodAccessorImpl.invoke(NativeMethodAccessorImpl.java:39)
	at sun.reflect.DelegatingMethodAccessorImpl.invoke(DelegatingMethodAccessorImpl.java:25)
	at java.lang.reflect.Method.invoke(Method.java:597)
	at org.apache.catalina.startup.Bootstrap.start(Bootstrap.java:289)
	at org.apache.catalina.startup.Bootstrap.main(Bootstrap.java:414)
30-Oct-2012 6:14:32 PM org.apache.coyote.http11.Http11Protocol pause
INFO: Pausing Coyote HTTP/1.1 on http-8080
30-Oct-2012 6:14:33 PM org.apache.catalina.core.StandardService stop
INFO: Stopping service Catalina
30-Oct-2012 6:14:33 PM org.apache.coyote.http11.Http11Protocol destroy
INFO: Stopping Coyote HTTP/1.1 on http-8080
30-Oct-2012 6:14:43 PM org.apache.coyote.http11.Http11Protocol pause
INFO: Pausing Coyote HTTP/1.1 on http-8080
30-Oct-2012 6:14:44 PM org.apache.catalina.core.StandardService stop
INFO: Stopping service Catalina
30-Oct-2012 6:14:44 PM org.apache.coyote.http11.Http11Protocol destroy
INFO: Stopping Coyote HTTP/1.1 on http-8080
30-Oct-2012 6:14:55 PM org.apache.catalina.core.AprLifecycleListener init
INFO: The APR based Apache Tomcat Native library which allows optimal performance in production environments was not found on the java.library.path: /usr/lib/jvm/java-6-sun-1.6.0.26/jre/lib/amd64/server:/usr/lib/jvm/java-6-sun-1.6.0.26/jre/lib/amd64:/usr/lib/jvm/java-6-sun-1.6.0.26/jre/../lib/amd64:/usr/java/packages/lib/amd64:/usr/lib64:/lib64:/lib:/usr/lib
30-Oct-2012 6:14:55 PM org.apache.coyote.http11.Http11Protocol init
INFO: Initializing Coyote HTTP/1.1 on http-8080
30-Oct-2012 6:14:55 PM org.apache.catalina.startup.Catalina load
INFO: Initialization processed in 405 ms
30-Oct-2012 6:14:55 PM org.apache.catalina.core.StandardService start
INFO: Starting service Catalina
30-Oct-2012 6:14:55 PM org.apache.catalina.core.StandardEngine start
INFO: Starting Servlet Engine: Apache Tomcat/6.0.36
30-Oct-2012 6:14:55 PM org.apache.catalina.startup.HostConfig deployDescriptor
INFO: Deploying configuration descriptor manager.xml
30-Oct-2012 6:14:55 PM org.apache.catalina.startup.HostConfig deployDescriptor
INFO: Deploying configuration descriptor host-manager.xml
30-Oct-2012 6:14:55 PM org.apache.catalina.startup.HostConfig deployDirectory
INFO: Deploying web application directory docs
30-Oct-2012 6:14:55 PM org.apache.catalina.startup.HostConfig deployDirectory
INFO: Deploying web application directory examples
30-Oct-2012 6:14:56 PM org.apache.catalina.startup.HostConfig deployDirectory
INFO: Deploying web application directory ROOT
30-Oct-2012 6:14:56 PM org.apache.coyote.http11.Http11Protocol start
INFO: Starting Coyote HTTP/1.1 on http-8080
30-Oct-2012 6:14:56 PM org.apache.jk.common.ChannelSocket init
INFO: JK: ajp13 listening on /0.0.0.0:8009
30-Oct-2012 6:14:56 PM org.apache.jk.server.JkMain start
INFO: Jk running ID=0 time=0/14  config=null
30-Oct-2012 6:14:56 PM org.apache.catalina.startup.Catalina start
INFO: Server startup in 501 ms
30-Oct-2012 6:15:03 PM org.apache.coyote.http11.Http11Protocol pause
INFO: Pausing Coyote HTTP/1.1 on http-8080
30-Oct-2012 6:15:04 PM org.apache.catalina.core.StandardService stop
INFO: Stopping service Catalina
30-Oct-2012 6:15:04 PM org.apache.coyote.http11.Http11Protocol destroy
INFO: Stopping Coyote HTTP/1.1 on http-8080
