30-Oct-2012 3:30:48 PM org.apache.catalina.core.ApplicationContext log
INFO: ContextListener: contextInitialized()
30-Oct-2012 3:30:48 PM org.apache.catalina.core.ApplicationContext log
INFO: SessionListener: contextInitialized()
30-Oct-2012 4:05:07 PM org.apache.catalina.core.ApplicationContext log
INFO: SessionListener: contextDestroyed()
30-Oct-2012 4:05:07 PM org.apache.catalina.core.ApplicationContext log
INFO: ContextListener: contextDestroyed()
30-Oct-2012 4:08:26 PM org.apache.catalina.core.ApplicationContext log
INFO: ContextListener: contextInitialized()
30-Oct-2012 4:08:26 PM org.apache.catalina.core.ApplicationContext log
INFO: SessionListener: contextInitialized()
30-Oct-2012 4:08:37 PM org.apache.catalina.core.ApplicationContext log
INFO: SessionListener: contextDestroyed()
30-Oct-2012 4:08:37 PM org.apache.catalina.core.ApplicationContext log
INFO: ContextListener: contextDestroyed()
30-Oct-2012 4:17:18 PM org.apache.catalina.core.ApplicationContext log
INFO: ContextListener: contextInitialized()
30-Oct-2012 4:17:18 PM org.apache.catalina.core.ApplicationContext log
INFO: SessionListener: contextInitialized()
30-Oct-2012 4:17:39 PM org.apache.catalina.core.ApplicationContext log
INFO: SessionListener: contextDestroyed()
30-Oct-2012 4:17:39 PM org.apache.catalina.core.ApplicationContext log
INFO: ContextListener: contextDestroyed()
30-Oct-2012 4:38:12 PM org.apache.catalina.core.ApplicationContext log
INFO: ContextListener: contextInitialized()
30-Oct-2012 4:38:12 PM org.apache.catalina.core.ApplicationContext log
INFO: SessionListener: contextInitialized()
30-Oct-2012 4:38:15 PM org.apache.catalina.core.ApplicationContext log
INFO: SessionListener: contextDestroyed()
30-Oct-2012 4:38:15 PM org.apache.catalina.core.ApplicationContext log
INFO: ContextListener: contextDestroyed()
30-Oct-2012 4:38:20 PM org.apache.catalina.core.ApplicationContext log
INFO: ContextListener: contextInitialized()
30-Oct-2012 4:38:20 PM org.apache.catalina.core.ApplicationContext log
INFO: SessionListener: contextInitialized()
30-Oct-2012 4:38:25 PM org.apache.catalina.core.ApplicationContext log
INFO: SessionListener: contextDestroyed()
30-Oct-2012 4:38:25 PM org.apache.catalina.core.ApplicationContext log
INFO: ContextListener: contextDestroyed()
30-Oct-2012 5:15:34 PM org.apache.catalina.core.ApplicationContext log
INFO: ContextListener: contextInitialized()
30-Oct-2012 5:15:34 PM org.apache.catalina.core.ApplicationContext log
INFO: SessionListener: contextInitialized()
30-Oct-2012 5:56:06 PM org.apache.catalina.core.ApplicationContext log
INFO: SessionListener: contextDestroyed()
30-Oct-2012 5:56:06 PM org.apache.catalina.core.ApplicationContext log
INFO: ContextListener: contextDestroyed()
30-Oct-2012 6:14:32 PM org.apache.catalina.core.ApplicationContext log
INFO: ContextListener: contextInitialized()
30-Oct-2012 6:14:32 PM org.apache.catalina.core.ApplicationContext log
INFO: SessionListener: contextInitialized()
30-Oct-2012 6:14:33 PM org.apache.catalina.core.ApplicationContext log
INFO: SessionListener: contextDestroyed()
30-Oct-2012 6:14:33 PM org.apache.catalina.core.ApplicationContext log
INFO: ContextListener: contextDestroyed()
30-Oct-2012 6:14:56 PM org.apache.catalina.core.ApplicationContext log
INFO: ContextListener: contextInitialized()
30-Oct-2012 6:14:56 PM org.apache.catalina.core.ApplicationContext log
INFO: SessionListener: contextInitialized()
30-Oct-2012 6:15:04 PM org.apache.catalina.core.ApplicationContext log
INFO: SessionListener: contextDestroyed()
30-Oct-2012 6:15:04 PM org.apache.catalina.core.ApplicationContext log
INFO: ContextListener: contextDestroyed()
